<?xml version="1.0" encoding="UTF-8"?>
<testsuite xmlns:xsi="http://www.w3.org/2001/XMLSchema-instance" xsi:noNamespaceSchemaLocation="https://maven.apache.org/surefire/maven-surefire-plugin/xsd/surefire-test-report.xsd" name="runner.TestRunner" time="49.77" tests="1" errors="1" skipped="0" failures="0">
  <properties>
[...]
</properties>
  <testcase name="Register with Test Environment Webpage" classname="Test Environment Retail Page #2" time="44.578">
    <error message="no such element: Unable to locate element: {&quot;method&quot;:&quot;xpath&quot;,&quot;selector&quot;:&quot;//a[text()=&apos;Continue&apos;]&quot;}&#10;  (Session info: chrome=98.0.4758.80)&#10;For documentation on this error, please visit: https://www.seleniumhq.org/exceptions/no_such_element.html&#10;Build info: version: &apos;3.141.59&apos;, revision: &apos;e82be7d358&apos;, time: &apos;2018-11-14T08:17:03&apos;&#10;System info: host: &apos;Danas-MBP.fios-router.home&apos;, ip: &apos;fe80:0:0:0:cb3:e84a:b66f:985%en0&apos;, os.name: &apos;Mac OS X&apos;, os.arch: &apos;x86_64&apos;, os.version: &apos;10.15.7&apos;, java.version: &apos;1.8.0_261&apos;&#10;Driver info: org.openqa.selenium.chrome.ChromeDriver&#10;Capabilities {acceptInsecureCerts: false, browserName: chrome, browserVersion: 98.0.4758.80, chrome: {chromedriverVersion: 98.0.4758.80 (7f0488e8ba0d8..., userDataDir: /var/folders/rk/tny80k3d3lq...}, goog:chromeOptions: {debuggerAddress: localhost:57606}, javascriptEnabled: true, networkConnectionEnabled: false, pageLoadStrategy: normal, platform: MAC, platformName: MAC, proxy: Proxy(), setWindowRect: true, strictFileInteractability: false, timeouts: {implicit: 0, pageLoad: 300000, script: 30000}, unhandledPromptBehavior: dismiss and notify, webauthn:extension:credBlob: true, webauthn:extension:largeBlob: true, webauthn:virtualAuthenticators: true}&#10;Session ID: 4f69f6dfcca9e3ab605a8d1df1007acb&#10;*** Element info: {Using=xpath, value=//a[text()=&apos;Continue&apos;]}" type="org.openqa.selenium.NoSuchElementException">org.openqa.selenium.NoSuchElementException: 
no such element: Unable to locate element: {"method":"xpath","selector":"//a[text()='Continue']"}
  (Session info: chrome=98.0.4758.80)
For documentation on this error, please visit: https://www.seleniumhq.org/exceptions/no_such_element.html
Build info: version: '3.141.59', revision: 'e82be7d358', time: '2018-11-14T08:17:03'
System info: host: 'Danas-MBP.fios-router.home', ip: 'fe80:0:0:0:cb3:e84a:b66f:985%en0', os.name: 'Mac OS X', os.arch: 'x86_64', os.version: '10.15.7', java.version: '1.8.0_261'
Driver info: org.openqa.selenium.chrome.ChromeDriver
Capabilities {acceptInsecureCerts: false, browserName: chrome, browserVersion: 98.0.4758.80, chrome: {chromedriverVersion: 98.0.4758.80 (7f0488e8ba0d8..., userDataDir: /var/folders/rk/tny80k3d3lq...}, goog:chromeOptions: {debuggerAddress: localhost:57606}, javascriptEnabled: true, networkConnectionEnabled: false, pageLoadStrategy: normal, platform: MAC, platformName: MAC, proxy: Proxy(), setWindowRect: true, strictFileInteractability: false, timeouts: {implicit: 0, pageLoad: 300000, script: 30000}, unhandledPromptBehavior: dismiss and notify, webauthn:extension:credBlob: true, webauthn:extension:largeBlob: true, webauthn:virtualAuthenticators: true}
Session ID: 4f69f6dfcca9e3ab605a8d1df1007acb
*** Element info: {Using=xpath, value=//a[text()='Continue']}
</error>
    <system-out><![CDATA[
@register @endtoend @smoke @regression @login
Scenario: Register with Test Environment Webpage          # features/register.feature:12
 INFO [main] (Initializer.java:17)- Scenario Register with Test Environment Webpage Started
 INFO [main] (RetailPageObj.java:96)- Text verified!
 INFO [main] (LoginSteps.java:19)- Homepage validated successfully
  Given user is on test environment homepage              # stepDefinitions.LoginSteps.user_is_on_test_environment_homepage()
 INFO [main] (LoginSteps.java:26)- My account button was clicked successfully
  When user click on myaccount button                     # stepDefinitions.LoginSteps.user_click_on_myaccount_button()
 INFO [main] (RegisterSteps.java:20)- Register button was clicked successfully
  And user click on register button                       # stepDefinitions.RegisterSteps.user_click_on_register_button()
 INFO [main] (RegisterSteps.java:35)- User data entered successfully
  And user fill registeration form with information below # stepDefinitions.RegisterSteps.user_fill_registeration_form_with_information_below(io.cucumber.datatable.DataTable)
 INFO [main] (RegisterSteps.java:41)- Agree to terms check box selected successfully
  And user click on agree to terms checkbox               # stepDefinitions.RegisterSteps.user_click_on_agree_to_terms_checkbox()
 INFO [main] (RegisterSteps.java:47)- Continue button clicked successfully
  And user click on continue button                       # stepDefinitions.RegisterSteps.user_click_on_continue_button()
  And user click on continue button again                 # stepDefinitions.RegisterSteps.user_click_on_continue_button_again()
      org.openqa.selenium.NoSuchElementException: no such element: Unable to locate element: {"method":"xpath","selector":"//a[text()='Continue']"}
  (Session info: chrome=98.0.4758.80)
For documentation on this error, please visit: https://www.seleniumhq.org/exceptions/no_such_element.html
Build info: version: '3.141.59', revision: 'e82be7d358', time: '2018-11-14T08:17:03'
System info: host: 'Danas-MBP.fios-router.home', ip: 'fe80:0:0:0:cb3:e84a:b66f:985%en0', os.name: 'Mac OS X', os.arch: 'x86_64', os.version: '10.15.7', java.version: '1.8.0_261'
Driver info: org.openqa.selenium.chrome.ChromeDriver
Capabilities {acceptInsecureCerts: false, browserName: chrome, browserVersion: 98.0.4758.80, chrome: {chromedriverVersion: 98.0.4758.80 (7f0488e8ba0d8..., userDataDir: /var/folders/rk/tny80k3d3lq...}, goog:chromeOptions: {debuggerAddress: localhost:57606}, javascriptEnabled: true, networkConnectionEnabled: false, pageLoadStrategy: normal, platform: MAC, platformName: MAC, proxy: Proxy(), setWindowRect: true, strictFileInteractability: false, timeouts: {implicit: 0, pageLoad: 300000, script: 30000}, unhandledPromptBehavior: dismiss and notify, webauthn:extension:credBlob: true, webauthn:extension:largeBlob: true, webauthn:virtualAuthenticators: true}
Session ID: 4f69f6dfcca9e3ab605a8d1df1007acb
*** Element info: {Using=xpath, value=//a[text()='Continue']}
	at sun.reflect.NativeConstructorAccessorImpl.newInstance0(Native Method)
	at sun.reflect.NativeConstructorAccessorImpl.newInstance(NativeConstructorAccessorImpl.java:62)
	at sun.reflect.DelegatingConstructorAccessorImpl.newInstance(DelegatingConstructorAccessorImpl.java:45)
	at java.lang.reflect.Constructor.newInstance(Constructor.java:423)
	at org.openqa.selenium.remote.http.W3CHttpResponseCodec.createException(W3CHttpResponseCodec.java:187)
	at org.openqa.selenium.remote.http.W3CHttpResponseCodec.decode(W3CHttpResponseCodec.java:122)
	at org.openqa.selenium.remote.http.W3CHttpResponseCodec.decode(W3CHttpResponseCodec.java:49)
	at org.openqa.selenium.remote.HttpCommandExecutor.execute(HttpCommandExecutor.java:158)
	at org.openqa.selenium.remote.service.DriverCommandExecutor.execute(DriverCommandExecutor.java:83)
	at org.openqa.selenium.remote.RemoteWebDriver.execute(RemoteWebDriver.java:552)
	at org.openqa.selenium.remote.RemoteWebDriver.findElement(RemoteWebDriver.java:323)
	at org.openqa.selenium.remote.RemoteWebDriver.findElementByXPath(RemoteWebDriver.java:428)
	at org.openqa.selenium.By$ByXPath.findElement(By.java:353)
	at org.openqa.selenium.remote.RemoteWebDriver.findElement(RemoteWebDriver.java:315)
	at org.openqa.selenium.support.pagefactory.DefaultElementLocator.findElement(DefaultElementLocator.java:69)
	at org.openqa.selenium.support.pagefactory.internal.LocatingElementHandler.invoke(LocatingElementHandler.java:38)
	at com.sun.proxy.$Proxy18.click(Unknown Source)
	at pageObjects.RegisterPageObjects.clickOnAccountHasBeeCreatedContinueButton(RegisterPageObjects.java:66)
	at stepDefinitions.RegisterSteps.user_click_on_continue_button_again(RegisterSteps.java:56)
	at ✽.user click on continue button again(classpath:features/register.feature:19)

 INFO [main] (Initializer.java:25)- Scenario Register with Test Environment Webpage FAILED
]]></system-out>
    <system-err><![CDATA[SLF4J: Failed to load class "org.slf4j.impl.StaticLoggerBinder".
SLF4J: Defaulting to no-operation (NOP) logger implementation
SLF4J: See http://www.slf4j.org/codes.html#StaticLoggerBinder for further details.
Starting ChromeDriver 98.0.4758.80 (7f0488e8ba0d8e019187c6325a16c29d9b7f4989-refs/branch-heads/4758@{#972}) on port 1375
Only local connections are allowed.
Please see https://chromedriver.chromium.org/security-considerations for suggestions on keeping ChromeDriver safe.
ChromeDriver was started successfully.
Feb 07, 2022 5:20:19 AM org.openqa.selenium.remote.ProtocolHandshake createSession
INFO: Detected dialect: W3C
]]></system-err>
  </testcase>
</testsuite>